<?xml version="1.0" encoding="UTF-8"?>
<testng-results ignored="0" total="1" passed="1" failed="0" skipped="0">
  <reporter-output>
  </reporter-output>
  <suite started-at="2025-05-11T12:20:47 IST" name="Default suite" finished-at="2025-05-11T12:20:56 IST" duration-ms="9171">
    <groups>
    </groups>
    <test started-at="2025-05-11T12:20:47 IST" name="Default test" finished-at="2025-05-11T12:20:56 IST" duration-ms="9171">
      <class name="com.swaglabproject.testcase.Testcases">
        <test-method is-config="true" signature="setup()[pri:0, instance:com.swaglabproject.testcase.Testcases@222545dc]" started-at="2025-05-11T12:20:47 IST" name="setup" finished-at="2025-05-11T12:20:54 IST" duration-ms="7343" status="PASS">
          <reporter-output>
          </reporter-output>
        </test-method> <!-- setup -->
        <test-method signature="Dynamic_ID()[pri:0, instance:com.swaglabproject.testcase.Testcases@222545dc]" started-at="2025-05-11T12:20:54 IST" name="Dynamic_ID" finished-at="2025-05-11T12:20:56 IST" duration-ms="1516" status="PASS">
          <reporter-output>
          </reporter-output>
        </test-method> <!-- Dynamic_ID -->
        <test-method is-config="true" signature="tearDown()[pri:0, instance:com.swaglabproject.testcase.Testcases@222545dc]" started-at="2025-05-11T12:20:56 IST" name="tearDown" finished-at="2025-05-11T12:20:56 IST" duration-ms="169" status="PASS">
          <reporter-output>
          </reporter-output>
        </test-method> <!-- tearDown -->
      </class> <!-- com.swaglabproject.testcase.Testcases -->
    </test> <!-- Default test -->
  </suite> <!-- Default suite -->
</testng-results>
